"AppWorkshop"
{
	"appid"		"255710"
	"SizeOnDisk"		"901422344"
	"NeedsUpdate"		"0"
	"NeedsDownload"		"0"
	"TimeLastUpdated"		"1494006737"
	"TimeLastAppRan"		"1489416172"
	"WorkshopItemsInstalled"
	{
		"408051079"
		{
			"manifest"		"487949127060245444"
			"size"		"5120"
			"timeupdated"		"1426380861"
		}
		"408760323"
		{
			"manifest"		"7295553824985883529"
			"size"		"45056"
			"timeupdated"		"1443130924"
		}
		"411095553"
		{
			"manifest"		"5209316247751755018"
			"size"		"285413"
			"timeupdated"		"1457211333"
		}
		"417245527"
		{
			"manifest"		"1874557377059669248"
			"size"		"613376"
			"timeupdated"		"1488821538"
		}
		"417797417"
		{
			"manifest"		"9205245123247170513"
			"size"		"2662815"
			"timeupdated"		"1477444418"
		}
		"417805731"
		{
			"manifest"		"2448410248359347172"
			"size"		"2808955"
			"timeupdated"		"1443144694"
		}
		"419587298"
		{
			"manifest"		"6498386016551678394"
			"size"		"2111774"
			"timeupdated"		"1428175145"
		}
		"421723045"
		{
			"manifest"		"3195740311477638083"
			"size"		"4328664"
			"timeupdated"		"1428507776"
		}
		"424592849"
		{
			"manifest"		"8588731252560418097"
			"size"		"2624922"
			"timeupdated"		"1443753073"
		}
		"429618056"
		{
			"manifest"		"3902094981416340399"
			"size"		"1471292"
			"timeupdated"		"1443547948"
		}
		"431229239"
		{
			"manifest"		"4543676795865500867"
			"size"		"2551446"
			"timeupdated"		"1459018592"
		}
		"432840529"
		{
			"manifest"		"4571086724704241280"
			"size"		"3027420"
			"timeupdated"		"1443548064"
		}
		"434601985"
		{
			"manifest"		"8175019248918909497"
			"size"		"1589645"
			"timeupdated"		"1443548083"
		}
		"438416596"
		{
			"manifest"		"7720768247717121652"
			"size"		"1526139"
			"timeupdated"		"1443548035"
		}
		"447789816"
		{
			"manifest"		"7580404885407424341"
			"size"		"4608"
			"timeupdated"		"1456716441"
		}
		"447938719"
		{
			"manifest"		"1980077927976079400"
			"size"		"3253032"
			"timeupdated"		"1443547831"
		}
		"447939485"
		{
			"manifest"		"1462344156537999376"
			"size"		"3873523"
			"timeupdated"		"1443547871"
		}
		"448150925"
		{
			"manifest"		"3525561996978587760"
			"size"		"2321099"
			"timeupdated"		"1444970273"
		}
		"448899505"
		{
			"manifest"		"2180294144966636007"
			"size"		"2334056"
			"timeupdated"		"1444970694"
		}
		"449471077"
		{
			"manifest"		"6891830533705452002"
			"size"		"2327698"
			"timeupdated"		"1444970729"
		}
		"450586233"
		{
			"manifest"		"5694664634658659214"
			"size"		"4940838"
			"timeupdated"		"1444207718"
		}
		"450635180"
		{
			"manifest"		"2383039500094509079"
			"size"		"3953744"
			"timeupdated"		"1444970768"
		}
		"451242991"
		{
			"manifest"		"138376650824971120"
			"size"		"4506388"
			"timeupdated"		"1432893981"
		}
		"451700838"
		{
			"manifest"		"4902242783377215980"
			"size"		"48481"
			"timeupdated"		"1435777819"
		}
		"453525836"
		{
			"manifest"		"4991802149267894130"
			"size"		"2342032"
			"timeupdated"		"1444970801"
		}
		"454381057"
		{
			"manifest"		"7529505848464012743"
			"size"		"957493"
			"timeupdated"		"1435445495"
		}
		"454476656"
		{
			"manifest"		"5808132843943910092"
			"size"		"2973081"
			"timeupdated"		"1444978976"
		}
		"454589269"
		{
			"manifest"		"370171565572740119"
			"size"		"3028312"
			"timeupdated"		"1444979031"
		}
		"454671605"
		{
			"manifest"		"872430467576174381"
			"size"		"3055524"
			"timeupdated"		"1445883596"
		}
		"454824485"
		{
			"manifest"		"8810660276665702153"
			"size"		"3035390"
			"timeupdated"		"1444982074"
		}
		"455536494"
		{
			"manifest"		"5335759420601330791"
			"size"		"2476340"
			"timeupdated"		"1444980364"
		}
		"456820739"
		{
			"manifest"		"4826996214945949098"
			"size"		"3020722"
			"timeupdated"		"1444979088"
		}
		"457549925"
		{
			"manifest"		"496972362303327717"
			"size"		"3014262"
			"timeupdated"		"1444979116"
		}
		"457619776"
		{
			"manifest"		"7699673211970034445"
			"size"		"3035925"
			"timeupdated"		"1444979000"
		}
		"457650491"
		{
			"manifest"		"3469286918206510168"
			"size"		"3026549"
			"timeupdated"		"1444982098"
		}
		"458348147"
		{
			"manifest"		"8328483157558554819"
			"size"		"3017275"
			"timeupdated"		"1444979789"
		}
		"458373254"
		{
			"manifest"		"7072423188441099571"
			"size"		"3015149"
			"timeupdated"		"1444979818"
		}
		"458519223"
		{
			"manifest"		"9151131183562753193"
			"size"		"955355"
			"timeupdated"		"1480879147"
		}
		"458965451"
		{
			"manifest"		"624459436079206503"
			"size"		"4230908"
			"timeupdated"		"1445130348"
		}
		"458972595"
		{
			"manifest"		"6156800827252394387"
			"size"		"3942320"
			"timeupdated"		"1445130370"
		}
		"458977544"
		{
			"manifest"		"6477215456451643711"
			"size"		"3938968"
			"timeupdated"		"1445130390"
		}
		"459291513"
		{
			"manifest"		"8820218606955258825"
			"size"		"4365548"
			"timeupdated"		"1445130411"
		}
		"459843327"
		{
			"manifest"		"5886538074313749835"
			"size"		"3191339"
			"timeupdated"		"1434303314"
		}
		"460547955"
		{
			"manifest"		"1389471404947332890"
			"size"		"1019548"
			"timeupdated"		"1436690185"
		}
		"462370222"
		{
			"manifest"		"4324605093269125013"
			"size"		"3855891"
			"timeupdated"		"1434450345"
		}
		"465609293"
		{
			"manifest"		"5479102695847567080"
			"size"		"2662100"
			"timeupdated"		"1443297795"
		}
		"466742651"
		{
			"manifest"		"1652042335736739326"
			"size"		"3717169"
			"timeupdated"		"1468336541"
		}
		"467512846"
		{
			"manifest"		"6846144873697810012"
			"size"		"3447060"
			"timeupdated"		"1443806511"
		}
		"467728654"
		{
			"manifest"		"7832102096965817588"
			"size"		"1711821"
			"timeupdated"		"1435091893"
		}
		"468576839"
		{
			"manifest"		"4460543275942508015"
			"size"		"2780644"
			"timeupdated"		"1443425293"
		}
		"469652398"
		{
			"manifest"		"810935569470674602"
			"size"		"4406748"
			"timeupdated"		"1435335509"
		}
		"469808750"
		{
			"manifest"		"6894599048200454292"
			"size"		"2930318"
			"timeupdated"		"1445135843"
		}
		"469811496"
		{
			"manifest"		"6533867858786847231"
			"size"		"2587659"
			"timeupdated"		"1435350008"
		}
		"469940011"
		{
			"manifest"		"5445500823282155740"
			"size"		"2928940"
			"timeupdated"		"1443623578"
		}
		"470121022"
		{
			"manifest"		"3622872566914056122"
			"size"		"8848115"
			"timeupdated"		"1443891472"
		}
		"470160096"
		{
			"manifest"		"8623311003280131280"
			"size"		"4793223"
			"timeupdated"		"1457155001"
		}
		"470246381"
		{
			"manifest"		"7592740070852895796"
			"size"		"3580045"
			"timeupdated"		"1443218905"
		}
		"470607508"
		{
			"manifest"		"8692646355344879392"
			"size"		"1168006"
			"timeupdated"		"1447784138"
		}
		"470752563"
		{
			"manifest"		"8760714453167459668"
			"size"		"2233624"
			"timeupdated"		"1443623668"
		}
		"472267886"
		{
			"manifest"		"1122433109226351294"
			"size"		"2830701"
			"timeupdated"		"1443398953"
		}
		"478051212"
		{
			"manifest"		"4799414726420971980"
			"size"		"3814532"
			"timeupdated"		"1443168861"
		}
		"479845867"
		{
			"manifest"		"5451899593320050506"
			"size"		"1248584"
			"timeupdated"		"1445722030"
		}
		"486496436"
		{
			"manifest"		"5158621498301599516"
			"size"		"75860"
			"timeupdated"		"1438474873"
		}
		"490998828"
		{
			"manifest"		"5595536351280455843"
			"size"		"4096"
			"timeupdated"		"1438276918"
		}
		"506191696"
		{
			"manifest"		"5252263908198105536"
			"size"		"7218468"
			"timeupdated"		"1446531644"
		}
		"506683215"
		{
			"manifest"		"2268115587682722497"
			"size"		"3933467"
			"timeupdated"		"1440592014"
		}
		"507063633"
		{
			"manifest"		"6666486186387679180"
			"size"		"4728785"
			"timeupdated"		"1440641080"
		}
		"508631201"
		{
			"manifest"		"4525631172555507634"
			"size"		"2962647"
			"timeupdated"		"1443805994"
		}
		"509672101"
		{
			"manifest"		"5376528913818672179"
			"size"		"1617563"
			"timeupdated"		"1443316537"
		}
		"509675267"
		{
			"manifest"		"882691248674892179"
			"size"		"1475303"
			"timeupdated"		"1443320899"
		}
		"509675349"
		{
			"manifest"		"4611160403911465294"
			"size"		"1463895"
			"timeupdated"		"1443321047"
		}
		"509675390"
		{
			"manifest"		"4514652225911180774"
			"size"		"1484592"
			"timeupdated"		"1443320969"
		}
		"509953455"
		{
			"manifest"		"4496319515127057556"
			"size"		"1984908"
			"timeupdated"		"1441042585"
		}
		"510189214"
		{
			"manifest"		"3895006495709953276"
			"size"		"3964130"
			"timeupdated"		"1443178372"
		}
		"510272353"
		{
			"manifest"		"5048211738777716126"
			"size"		"9597769"
			"timeupdated"		"1444119082"
		}
		"510632208"
		{
			"manifest"		"8018471390009360852"
			"size"		"1614258"
			"timeupdated"		"1444234005"
		}
		"510983070"
		{
			"manifest"		"6632398335422024215"
			"size"		"6021074"
			"timeupdated"		"1441204621"
		}
		"511278282"
		{
			"manifest"		"501694447724764000"
			"size"		"3970011"
			"timeupdated"		"1441240173"
		}
		"511569317"
		{
			"manifest"		"6949339653077356919"
			"size"		"6009088"
			"timeupdated"		"1441296372"
		}
		"512194601"
		{
			"manifest"		"7850336187333015085"
			"size"		"417827"
			"timeupdated"		"1491150598"
		}
		"514223372"
		{
			"manifest"		"6092419126777822247"
			"size"		"6656"
			"timeupdated"		"1441637312"
		}
		"521225470"
		{
			"manifest"		"7873199961649116741"
			"size"		"4930080"
			"timeupdated"		"1442696683"
		}
		"523818382"
		{
			"manifest"		"5309682442050912857"
			"size"		"753777"
			"timeupdated"		"1480478345"
		}
		"524054450"
		{
			"manifest"		"1039585240778915313"
			"size"		"2162234"
			"timeupdated"		"1443130095"
		}
		"524238344"
		{
			"manifest"		"6166647151531532463"
			"size"		"4758104"
			"timeupdated"		"1452207241"
		}
		"572463914"
		{
			"manifest"		"8788382648031086503"
			"size"		"3695836"
			"timeupdated"		"1449714665"
		}
		"572711114"
		{
			"manifest"		"3071092191244872106"
			"size"		"6853551"
			"timeupdated"		"1450037408"
		}
		"572724230"
		{
			"manifest"		"4874112768324214747"
			"size"		"6360813"
			"timeupdated"		"1450037504"
		}
		"573263812"
		{
			"manifest"		"7102437349846296279"
			"size"		"2552629"
			"timeupdated"		"1456857732"
		}
		"578880823"
		{
			"manifest"		"2955404307786625143"
			"size"		"3098737"
			"timeupdated"		"1450532560"
		}
		"580335918"
		{
			"manifest"		"6656301566070080521"
			"size"		"960349"
			"timeupdated"		"1480454150"
		}
		"639486063"
		{
			"manifest"		"7073736305021827501"
			"size"		"19456"
			"timeupdated"		"1481132279"
		}
		"686588890"
		{
			"manifest"		"9183523139216443280"
			"size"		"34816"
			"timeupdated"		"1463921724"
		}
		"687513940"
		{
			"manifest"		"8096425150632396809"
			"size"		"8774036"
			"timeupdated"		"1463681926"
		}
		"687689972"
		{
			"manifest"		"1780743145862543335"
			"size"		"4127413"
			"timeupdated"		"1463792754"
		}
		"768213484"
		{
			"manifest"		"2250378862759332809"
			"size"		"13824"
			"timeupdated"		"1474848338"
		}
		"769744928"
		{
			"manifest"		"6739012102073008008"
			"size"		"223814"
			"timeupdated"		"1475313703"
		}
		"787043202"
		{
			"manifest"		"7163588708483257949"
			"size"		"5216"
			"timeupdated"		"1477411346"
		}
		"787046552"
		{
			"manifest"		"8331900402856974542"
			"size"		"5219"
			"timeupdated"		"1477411748"
		}
		"793176674"
		{
			"manifest"		"6694138692832078190"
			"size"		"12800"
			"timeupdated"		"1478261992"
		}
		"793346248"
		{
			"manifest"		"5538114315670105188"
			"size"		"8704"
			"timeupdated"		"1478280608"
		}
		"793544772"
		{
			"manifest"		"7789949080672784851"
			"size"		"149245651"
			"timeupdated"		"1478299434"
		}
		"800307412"
		{
			"manifest"		"6970295157481816143"
			"size"		"4632153"
			"timeupdated"		"1479226975"
		}
		"802066100"
		{
			"manifest"		"3138577471854886090"
			"size"		"363008"
			"timeupdated"		"1488310642"
		}
		"802489150"
		{
			"manifest"		"3387048883810191709"
			"size"		"30720"
			"timeupdated"		"1480383094"
		}
		"811397563"
		{
			"manifest"		"4548899221837652461"
			"size"		"4478337"
			"timeupdated"		"1483456520"
		}
		"814698320"
		{
			"manifest"		"4274669327676390500"
			"size"		"278944"
			"timeupdated"		"1481401442"
		}
		"815103125"
		{
			"manifest"		"8215213004948349175"
			"size"		"1537421"
			"timeupdated"		"1483115898"
		}
		"816260433"
		{
			"manifest"		"5541941189803322043"
			"size"		"37573306"
			"timeupdated"		"1484281928"
		}
		"818899749"
		{
			"manifest"		"4074871860292738578"
			"size"		"16384"
			"timeupdated"		"1482067011"
		}
		"846246651"
		{
			"manifest"		"1421114730560677117"
			"size"		"542208"
			"timeupdated"		"1484920548"
		}
		"848896702"
		{
			"manifest"		"5344563377852087092"
			"size"		"385308092"
			"timeupdated"		"1493685676"
		}
		"870291141"
		{
			"manifest"		"7811902819670058316"
			"size"		"48173"
			"timeupdated"		"1488308439"
		}
		"875955591"
		{
			"manifest"		"6231176154817512"
			"size"		"19599820"
			"timeupdated"		"1489236059"
		}
		"875958511"
		{
			"manifest"		"9148125991447278843"
			"size"		"19463598"
			"timeupdated"		"1489236993"
		}
	}
	"WorkshopItemDetails"
	{
		"408051079"
		{
			"manifest"		"487949127060245444"
			"timeupdated"		"1426380861"
			"timetouched"		"1489412200"
			"subscribedby"		"61588923"
		}
		"408760323"
		{
			"manifest"		"7295553824985883529"
			"timeupdated"		"1443130924"
			"timetouched"		"1489412200"
			"subscribedby"		"61588923"
		}
		"411095553"
		{
			"manifest"		"5209316247751755018"
			"timeupdated"		"1457211333"
			"timetouched"		"1489412200"
			"subscribedby"		"61588923"
		}
		"417245527"
		{
			"manifest"		"1874557377059669248"
			"timeupdated"		"1488821538"
			"timetouched"		"1489412200"
			"subscribedby"		"61588923"
		}
		"417797417"
		{
			"manifest"		"9205245123247170513"
			"timeupdated"		"1477444418"
			"timetouched"		"1489412778"
			"subscribedby"		"61588923"
		}
		"417805731"
		{
			"manifest"		"2448410248359347172"
			"timeupdated"		"1443144694"
			"timetouched"		"1489412778"
			"subscribedby"		"61588923"
		}
		"419587298"
		{
			"manifest"		"6498386016551678394"
			"timeupdated"		"1428175145"
			"timetouched"		"1489412778"
			"subscribedby"		"61588923"
		}
		"421723045"
		{
			"manifest"		"3195740311477638083"
			"timeupdated"		"1428507776"
			"timetouched"		"1489412778"
			"subscribedby"		"61588923"
		}
		"424592849"
		{
			"manifest"		"8588731252560418097"
			"timeupdated"		"1443753073"
			"timetouched"		"1489412778"
			"subscribedby"		"61588923"
		}
		"429618056"
		{
			"manifest"		"3902094981416340399"
			"timeupdated"		"1443547948"
			"timetouched"		"1489412778"
			"subscribedby"		"61588923"
		}
		"431229239"
		{
			"manifest"		"4543676795865500867"
			"timeupdated"		"1459018592"
			"timetouched"		"1489412779"
			"subscribedby"		"61588923"
		}
		"432840529"
		{
			"manifest"		"4571086724704241280"
			"timeupdated"		"1443548064"
			"timetouched"		"1489412779"
			"subscribedby"		"61588923"
		}
		"434601985"
		{
			"manifest"		"8175019248918909497"
			"timeupdated"		"1443548083"
			"timetouched"		"1489412778"
			"subscribedby"		"61588923"
		}
		"438416596"
		{
			"manifest"		"7720768247717121652"
			"timeupdated"		"1443548035"
			"timetouched"		"1489412778"
			"subscribedby"		"61588923"
		}
		"447789816"
		{
			"manifest"		"7580404885407424341"
			"timeupdated"		"1456716441"
			"timetouched"		"1489412200"
			"subscribedby"		"61588923"
		}
		"447938719"
		{
			"manifest"		"1980077927976079400"
			"timeupdated"		"1443547831"
			"timetouched"		"1489412778"
			"subscribedby"		"61588923"
		}
		"447939485"
		{
			"manifest"		"1462344156537999376"
			"timeupdated"		"1443547871"
			"timetouched"		"1489412779"
			"subscribedby"		"61588923"
		}
		"448150925"
		{
			"manifest"		"3525561996978587760"
			"timeupdated"		"1444970273"
			"timetouched"		"1489412778"
			"subscribedby"		"61588923"
		}
		"448899505"
		{
			"manifest"		"2180294144966636007"
			"timeupdated"		"1444970694"
			"timetouched"		"1489412778"
			"subscribedby"		"61588923"
		}
		"449471077"
		{
			"manifest"		"6891830533705452002"
			"timeupdated"		"1444970729"
			"timetouched"		"1489412778"
			"subscribedby"		"61588923"
		}
		"450586233"
		{
			"manifest"		"5694664634658659214"
			"timeupdated"		"1444207718"
			"timetouched"		"1489412779"
			"subscribedby"		"61588923"
		}
		"450635180"
		{
			"manifest"		"2383039500094509079"
			"timeupdated"		"1444970768"
			"timetouched"		"1489412778"
			"subscribedby"		"61588923"
		}
		"451242991"
		{
			"manifest"		"138376650824971120"
			"timeupdated"		"1432893981"
			"timetouched"		"1489412779"
			"subscribedby"		"61588923"
		}
		"451700838"
		{
			"manifest"		"4902242783377215980"
			"timeupdated"		"1435777819"
			"timetouched"		"1489412200"
			"subscribedby"		"61588923"
		}
		"453525836"
		{
			"manifest"		"4991802149267894130"
			"timeupdated"		"1444970801"
			"timetouched"		"1489412778"
			"subscribedby"		"61588923"
		}
		"454381057"
		{
			"manifest"		"7529505848464012743"
			"timeupdated"		"1435445495"
			"timetouched"		"1489412778"
			"subscribedby"		"61588923"
		}
		"454476656"
		{
			"manifest"		"5808132843943910092"
			"timeupdated"		"1444978976"
			"timetouched"		"1489412778"
			"subscribedby"		"61588923"
		}
		"454589269"
		{
			"manifest"		"370171565572740119"
			"timeupdated"		"1444979031"
			"timetouched"		"1489412778"
			"subscribedby"		"61588923"
		}
		"454671605"
		{
			"manifest"		"872430467576174381"
			"timeupdated"		"1445883596"
			"timetouched"		"1489412778"
			"subscribedby"		"61588923"
		}
		"454824485"
		{
			"manifest"		"8810660276665702153"
			"timeupdated"		"1444982074"
			"timetouched"		"1489412778"
			"subscribedby"		"61588923"
		}
		"455536494"
		{
			"manifest"		"5335759420601330791"
			"timeupdated"		"1444980364"
			"timetouched"		"1489412778"
			"subscribedby"		"61588923"
		}
		"456820739"
		{
			"manifest"		"4826996214945949098"
			"timeupdated"		"1444979088"
			"timetouched"		"1489412778"
			"subscribedby"		"61588923"
		}
		"457549925"
		{
			"manifest"		"496972362303327717"
			"timeupdated"		"1444979116"
			"timetouched"		"1489412778"
			"subscribedby"		"61588923"
		}
		"457619776"
		{
			"manifest"		"7699673211970034445"
			"timeupdated"		"1444979000"
			"timetouched"		"1489412778"
			"subscribedby"		"61588923"
		}
		"457650491"
		{
			"manifest"		"3469286918206510168"
			"timeupdated"		"1444982098"
			"timetouched"		"1489412778"
			"subscribedby"		"61588923"
		}
		"458348147"
		{
			"manifest"		"8328483157558554819"
			"timeupdated"		"1444979789"
			"timetouched"		"1489412778"
			"subscribedby"		"61588923"
		}
		"458373254"
		{
			"manifest"		"7072423188441099571"
			"timeupdated"		"1444979818"
			"timetouched"		"1489412778"
			"subscribedby"		"61588923"
		}
		"458519223"
		{
			"manifest"		"9151131183562753193"
			"timeupdated"		"1480879147"
			"timetouched"		"1489412200"
			"subscribedby"		"61588923"
		}
		"458965451"
		{
			"manifest"		"624459436079206503"
			"timeupdated"		"1445130348"
			"timetouched"		"1489412778"
			"subscribedby"		"61588923"
		}
		"458972595"
		{
			"manifest"		"6156800827252394387"
			"timeupdated"		"1445130370"
			"timetouched"		"1489412778"
			"subscribedby"		"61588923"
		}
		"458977544"
		{
			"manifest"		"6477215456451643711"
			"timeupdated"		"1445130390"
			"timetouched"		"1489412778"
			"subscribedby"		"61588923"
		}
		"459291513"
		{
			"manifest"		"8820218606955258825"
			"timeupdated"		"1445130411"
			"timetouched"		"1489412778"
			"subscribedby"		"61588923"
		}
		"459843327"
		{
			"manifest"		"5886538074313749835"
			"timeupdated"		"1434303314"
			"timetouched"		"1489412778"
			"subscribedby"		"61588923"
		}
		"460547955"
		{
			"manifest"		"1389471404947332890"
			"timeupdated"		"1436690185"
			"timetouched"		"1489412778"
			"subscribedby"		"61588923"
		}
		"462370222"
		{
			"manifest"		"4324605093269125013"
			"timeupdated"		"1434450345"
			"timetouched"		"1489412778"
			"subscribedby"		"61588923"
		}
		"465609293"
		{
			"manifest"		"5479102695847567080"
			"timeupdated"		"1443297795"
			"timetouched"		"1489412778"
			"subscribedby"		"61588923"
		}
		"466742651"
		{
			"manifest"		"1652042335736739326"
			"timeupdated"		"1468336541"
			"timetouched"		"1489412778"
			"subscribedby"		"61588923"
		}
		"467512846"
		{
			"manifest"		"6846144873697810012"
			"timeupdated"		"1443806511"
			"timetouched"		"1489412778"
			"subscribedby"		"61588923"
		}
		"467728654"
		{
			"manifest"		"7832102096965817588"
			"timeupdated"		"1435091893"
			"timetouched"		"1489412778"
			"subscribedby"		"61588923"
		}
		"468576839"
		{
			"manifest"		"4460543275942508015"
			"timeupdated"		"1443425293"
			"timetouched"		"1489412778"
			"subscribedby"		"61588923"
		}
		"469652398"
		{
			"manifest"		"810935569470674602"
			"timeupdated"		"1435335509"
			"timetouched"		"1489412778"
			"subscribedby"		"61588923"
		}
		"469808750"
		{
			"manifest"		"6894599048200454292"
			"timeupdated"		"1445135843"
			"timetouched"		"1489412778"
			"subscribedby"		"61588923"
		}
		"469811496"
		{
			"manifest"		"6533867858786847231"
			"timeupdated"		"1435350008"
			"timetouched"		"1489412778"
			"subscribedby"		"61588923"
		}
		"469940011"
		{
			"manifest"		"5445500823282155740"
			"timeupdated"		"1443623578"
			"timetouched"		"1489412778"
			"subscribedby"		"61588923"
		}
		"470121022"
		{
			"manifest"		"3622872566914056122"
			"timeupdated"		"1443891472"
			"timetouched"		"1489412778"
			"subscribedby"		"61588923"
		}
		"470160096"
		{
			"manifest"		"8623311003280131280"
			"timeupdated"		"1457155001"
			"timetouched"		"1489412778"
			"subscribedby"		"61588923"
		}
		"470246381"
		{
			"manifest"		"7592740070852895796"
			"timeupdated"		"1443218905"
			"timetouched"		"1489412778"
			"subscribedby"		"61588923"
		}
		"470607508"
		{
			"manifest"		"8692646355344879392"
			"timeupdated"		"1447784138"
			"timetouched"		"1489412778"
			"subscribedby"		"61588923"
		}
		"470752563"
		{
			"manifest"		"8760714453167459668"
			"timeupdated"		"1443623668"
			"timetouched"		"1489412778"
			"subscribedby"		"61588923"
		}
		"472267886"
		{
			"manifest"		"1122433109226351294"
			"timeupdated"		"1443398953"
			"timetouched"		"1489412778"
			"subscribedby"		"61588923"
		}
		"478051212"
		{
			"manifest"		"4799414726420971980"
			"timeupdated"		"1443168861"
			"timetouched"		"1489412778"
			"subscribedby"		"61588923"
		}
		"479845867"
		{
			"manifest"		"5451899593320050506"
			"timeupdated"		"1445722030"
			"timetouched"		"1489412778"
			"subscribedby"		"61588923"
		}
		"486496436"
		{
			"manifest"		"5158621498301599516"
			"timeupdated"		"1438474873"
			"timetouched"		"1489412200"
			"subscribedby"		"61588923"
		}
		"490998828"
		{
			"manifest"		"5595536351280455843"
			"timeupdated"		"1438276918"
			"timetouched"		"1489412200"
			"subscribedby"		"61588923"
		}
		"506191696"
		{
			"manifest"		"5252263908198105536"
			"timeupdated"		"1446531644"
			"timetouched"		"1489412778"
			"subscribedby"		"61588923"
		}
		"506683215"
		{
			"manifest"		"2268115587682722497"
			"timeupdated"		"1440592014"
			"timetouched"		"1489412778"
			"subscribedby"		"61588923"
		}
		"507063633"
		{
			"manifest"		"6666486186387679180"
			"timeupdated"		"1440641080"
			"timetouched"		"1489412778"
			"subscribedby"		"61588923"
		}
		"508631201"
		{
			"manifest"		"4525631172555507634"
			"timeupdated"		"1443805994"
			"timetouched"		"1489412778"
			"subscribedby"		"61588923"
		}
		"509672101"
		{
			"manifest"		"5376528913818672179"
			"timeupdated"		"1443316537"
			"timetouched"		"1489412778"
			"subscribedby"		"61588923"
		}
		"509675267"
		{
			"manifest"		"882691248674892179"
			"timeupdated"		"1443320899"
			"timetouched"		"1489412778"
			"subscribedby"		"61588923"
		}
		"509675349"
		{
			"manifest"		"4611160403911465294"
			"timeupdated"		"1443321047"
			"timetouched"		"1489412778"
			"subscribedby"		"61588923"
		}
		"509675390"
		{
			"manifest"		"4514652225911180774"
			"timeupdated"		"1443320969"
			"timetouched"		"1489412778"
			"subscribedby"		"61588923"
		}
		"509953455"
		{
			"manifest"		"4496319515127057556"
			"timeupdated"		"1441042585"
			"timetouched"		"1489412778"
			"subscribedby"		"61588923"
		}
		"510189214"
		{
			"manifest"		"3895006495709953276"
			"timeupdated"		"1443178372"
			"timetouched"		"1489412778"
			"subscribedby"		"61588923"
		}
		"510272353"
		{
			"manifest"		"5048211738777716126"
			"timeupdated"		"1444119082"
			"timetouched"		"1489412778"
			"subscribedby"		"61588923"
		}
		"510632208"
		{
			"manifest"		"8018471390009360852"
			"timeupdated"		"1444234005"
			"timetouched"		"1489412778"
			"subscribedby"		"61588923"
		}
		"510983070"
		{
			"manifest"		"6632398335422024215"
			"timeupdated"		"1441204621"
			"timetouched"		"1489412778"
			"subscribedby"		"61588923"
		}
		"511278282"
		{
			"manifest"		"501694447724764000"
			"timeupdated"		"1441240173"
			"timetouched"		"1489412778"
			"subscribedby"		"61588923"
		}
		"511569317"
		{
			"manifest"		"6949339653077356919"
			"timeupdated"		"1441296372"
			"timetouched"		"1489412778"
			"subscribedby"		"61588923"
		}
		"512194601"
		{
			"manifest"		"7850336187333015085"
			"timeupdated"		"1491150598"
			"timetouched"		"1489412200"
			"subscribedby"		"61588923"
		}
		"514223372"
		{
			"manifest"		"6092419126777822247"
			"timeupdated"		"1441637312"
			"timetouched"		"1489412200"
			"subscribedby"		"61588923"
		}
		"521225470"
		{
			"manifest"		"7873199961649116741"
			"timeupdated"		"1442696683"
			"timetouched"		"1489412778"
			"subscribedby"		"61588923"
		}
		"523818382"
		{
			"manifest"		"5309682442050912857"
			"timeupdated"		"1480478345"
			"timetouched"		"1489412200"
			"subscribedby"		"61588923"
		}
		"524054450"
		{
			"manifest"		"1039585240778915313"
			"timeupdated"		"1443130095"
			"timetouched"		"1489412778"
			"subscribedby"		"61588923"
		}
		"524238344"
		{
			"manifest"		"6166647151531532463"
			"timeupdated"		"1452207241"
			"timetouched"		"1489412778"
			"subscribedby"		"61588923"
		}
		"572463914"
		{
			"manifest"		"8788382648031086503"
			"timeupdated"		"1449714665"
			"timetouched"		"1489412778"
			"subscribedby"		"61588923"
		}
		"572711114"
		{
			"manifest"		"3071092191244872106"
			"timeupdated"		"1450037408"
			"timetouched"		"1489412778"
			"subscribedby"		"61588923"
		}
		"572724230"
		{
			"manifest"		"4874112768324214747"
			"timeupdated"		"1450037504"
			"timetouched"		"1489412778"
			"subscribedby"		"61588923"
		}
		"573263812"
		{
			"manifest"		"7102437349846296279"
			"timeupdated"		"1456857732"
			"timetouched"		"1489412778"
			"subscribedby"		"61588923"
		}
		"578880823"
		{
			"manifest"		"2955404307786625143"
			"timeupdated"		"1450532560"
			"timetouched"		"1489412778"
			"subscribedby"		"61588923"
		}
		"580335918"
		{
			"manifest"		"6656301566070080521"
			"timeupdated"		"1480454150"
			"timetouched"		"1489412200"
			"subscribedby"		"61588923"
		}
		"639486063"
		{
			"manifest"		"7073736305021827501"
			"timeupdated"		"1481132279"
			"timetouched"		"1489412200"
			"subscribedby"		"61588923"
		}
		"686588890"
		{
			"manifest"		"9183523139216443280"
			"timeupdated"		"1463921724"
			"timetouched"		"1489412200"
			"subscribedby"		"61588923"
		}
		"687513940"
		{
			"manifest"		"8096425150632396809"
			"timeupdated"		"1463681926"
			"timetouched"		"1489412778"
			"subscribedby"		"61588923"
		}
		"687689972"
		{
			"manifest"		"1780743145862543335"
			"timeupdated"		"1463792754"
			"timetouched"		"1489412778"
			"subscribedby"		"61588923"
		}
		"768213484"
		{
			"manifest"		"2250378862759332809"
			"timeupdated"		"1474848338"
			"timetouched"		"1489412200"
			"subscribedby"		"61588923"
		}
		"769744928"
		{
			"manifest"		"6739012102073008008"
			"timeupdated"		"1475313703"
			"timetouched"		"1489412200"
			"subscribedby"		"61588923"
		}
		"787043202"
		{
			"manifest"		"7163588708483257949"
			"timeupdated"		"1477411346"
			"timetouched"		"1489412200"
			"subscribedby"		"61588923"
		}
		"787046552"
		{
			"manifest"		"8331900402856974542"
			"timeupdated"		"1477411748"
			"timetouched"		"1489412200"
			"subscribedby"		"61588923"
		}
		"793176674"
		{
			"manifest"		"6694138692832078190"
			"timeupdated"		"1478261992"
			"timetouched"		"1489412200"
			"subscribedby"		"61588923"
		}
		"793346248"
		{
			"manifest"		"5538114315670105188"
			"timeupdated"		"1478280608"
			"timetouched"		"1489412200"
			"subscribedby"		"61588923"
		}
		"793544772"
		{
			"manifest"		"7789949080672784851"
			"timeupdated"		"1478299434"
			"timetouched"		"1489412911"
			"subscribedby"		"61588923"
		}
		"800307412"
		{
			"manifest"		"6970295157481816143"
			"timeupdated"		"1479226975"
			"timetouched"		"1489412778"
			"subscribedby"		"61588923"
		}
		"802066100"
		{
			"manifest"		"3138577471854886090"
			"timeupdated"		"1488310642"
			"timetouched"		"1489412200"
			"subscribedby"		"61588923"
		}
		"802489150"
		{
			"manifest"		"3387048883810191709"
			"timeupdated"		"1480383094"
			"timetouched"		"1489412200"
			"subscribedby"		"61588923"
		}
		"811397563"
		{
			"manifest"		"4548899221837652461"
			"timeupdated"		"1483456520"
			"timetouched"		"1489412778"
			"subscribedby"		"61588923"
		}
		"814698320"
		{
			"manifest"		"4274669327676390500"
			"timeupdated"		"1481401442"
			"timetouched"		"1489412200"
			"subscribedby"		"61588923"
		}
		"815103125"
		{
			"manifest"		"8215213004948349175"
			"timeupdated"		"1483115898"
			"timetouched"		"1489412200"
			"subscribedby"		"61588923"
		}
		"816260433"
		{
			"manifest"		"5541941189803322043"
			"timeupdated"		"1484281928"
			"timetouched"		"1489412778"
			"subscribedby"		"61588923"
		}
		"818899749"
		{
			"manifest"		"4074871860292738578"
			"timeupdated"		"1482067011"
			"timetouched"		"148941